[dotenv@17.3.1] injecting env (8) from .env -- tip: ΓÜí∩╕Å secrets for agents: https://dotenvx.com/as2
node : C:\Reactjs\Groce
ryWebApp\server\node_mo
dules\path-to-regexp\di
st\index.js:96
At line:1 char:1
+ node src/server.js 
*>&1 | Out-File 
-FilePath 
server_error.log 
-Encodi ...
+ 
~~~~~~~~~~~~~~~~~~~~~~~
    + CategoryInfo     
         : NotSpecifi  
  ed: (C:\Reactjs\Gr   
 oc...ist\index.js:    
96:String) [], Rem    
oteException
    + FullyQualifiedEr 
   rorId : NativeComm  
  andError
 
            throw new 
PathError(`Missing 
parameter name at 
index ${index}`, str);
            ^

PathError [TypeError]: 
Missing parameter name 
at index 1: *; visit ht
tps://git.new/pathToReg
expError for info
    at name (C:\Reactjs
\GroceryWebApp\server\n
ode_modules\path-to-reg
exp\dist\index.js:96:19
)
    at parse (C:\Reactj
s\GroceryWebApp\server\
node_modules\path-to-re
gexp\dist\index.js:113:
68)
    at pathToRegexp (C:
\Reactjs\GroceryWebApp\
server\node_modules\pat
h-to-regexp\dist\index.
js:267:58)
    at Object.match (C:
\Reactjs\GroceryWebApp\
server\node_modules\pat
h-to-regexp\dist\index.
js:237:30)
    at matcher (C:\Reac
tjs\GroceryWebApp\serve
r\node_modules\router\l
ib\layer.js:86:23)
    at new Layer (C:\Re
actjs\GroceryWebApp\ser
ver\node_modules\router
\lib\layer.js:93:62)
    at router.use (C:\R
eactjs\GroceryWebApp\se
rver\node_modules\route
r\index.js:398:19)
    at app.<anonymous> 
(C:\Reactjs\GroceryWebA
pp\server\node_modules\
express\lib\application
.js:222:21)
    at Array.forEach 
(<anonymous>)
    at app.use (C:\Reac
tjs\GroceryWebApp\serve
r\node_modules\express\
lib\application.js:219:
7) {
  originalPath: '*'
}

Node.js v24.11.0
